2024-10-19 14:33:00 info: Congratulations, your extension "Embold" is now active!
2024-10-19 14:33:00 info: tempDirectory : c:\Users\dokyd\.cursor\extensions\embold-vscode.embold-0.1.8\temp
2024-10-19 14:33:02 info: Extraction complete for source: c:\Users\dokyd\.cursor\extensions\embold-vscode.embold-0.1.8\resources\embold-scanner-archive.zip, destination: c:\Users\dokyd\.cursor\extensions\embold-vscode.embold-0.1.8\temp
2024-10-19 14:33:02 info: Extension installed on machine OS : win32
2024-10-19 14:33:02 info: Fetched the issues from DB
2024-10-19 14:33:03 info: Java version installed on machine : 
java version "21.0.1" 2023-10-17 LTS
Java(TM) SE Runtime Environment (build 21.0.1+12-LTS-29)
Java HotSpot(TM) 64-Bit Server VM (build 21.0.1+12-LTS-29, mixed mode, sharing)

2024-10-19 14:33:03 info: Java installed on machine.
2024-10-19 14:33:03 info: Embold extension version response:{"hasSupport":false,"version":"0.1.6","changeNotes":"<div> <p>Release Date: 09 Oct, 2023 <br><span>Bug fixes and improvements.</span></p> </div>"}
2024-10-19 14:33:03 info: Current installed embold extension version : 0.1.8
2024-10-19 14:33:03 info: Latest embold extension version on marketplace : 0.1.6
2024-10-19 14:33:26 info: Row(s) deleted
2024-10-19 14:38:11 info: Row(s) deleted
2024-10-19 15:25:28 info: Row(s) deleted
2024-10-19 16:09:24 info: Row(s) deleted
2024-10-22 08:18:34 info: Congratulations, your extension "Embold" is now active!
2024-10-22 08:18:34 info: tempDirectory : c:\Users\dokyd\.cursor\extensions\embold-vscode.embold-0.1.8\temp
2024-10-22 08:18:50 info: Row(s) deleted
2024-10-22 08:18:54 info: Extraction complete for source: c:\Users\dokyd\.cursor\extensions\embold-vscode.embold-0.1.8\resources\embold-scanner-archive.zip, destination: c:\Users\dokyd\.cursor\extensions\embold-vscode.embold-0.1.8\temp
2024-10-22 08:18:54 info: Extension installed on machine OS : win32
2024-10-22 08:18:54 info: Fetched the issues from DB
2024-10-22 08:18:55 info: Embold extension version response:{"hasSupport":false,"version":"0.1.6","changeNotes":"<div> <p>Release Date: 09 Oct, 2023 <br><span>Bug fixes and improvements.</span></p> </div>"}
2024-10-22 08:18:55 info: Current installed embold extension version : 0.1.8
2024-10-22 08:18:55 info: Latest embold extension version on marketplace : 0.1.6
2024-10-22 08:18:55 info: Java version installed on machine : 
java version "21.0.1" 2023-10-17 LTS
Java(TM) SE Runtime Environment (build 21.0.1+12-LTS-29)
Java HotSpot(TM) 64-Bit Server VM (build 21.0.1+12-LTS-29, mixed mode, sharing)

2024-10-22 08:18:55 info: Java installed on machine.
2024-10-22 09:54:21 info: Congratulations, your extension "Embold" is now active!
2024-10-22 09:54:21 info: tempDirectory : c:\Users\dokyd\.cursor\extensions\embold-vscode.embold-0.1.8\temp
2024-10-22 09:54:26 info: Extraction complete for source: c:\Users\dokyd\.cursor\extensions\embold-vscode.embold-0.1.8\resources\embold-scanner-archive.zip, destination: c:\Users\dokyd\.cursor\extensions\embold-vscode.embold-0.1.8\temp
2024-10-22 09:54:26 info: Extension installed on machine OS : win32
2024-10-22 09:54:26 info: Fetched the issues from DB
2024-10-22 09:54:26 info: Java version installed on machine : 
java version "21.0.1" 2023-10-17 LTS
Java(TM) SE Runtime Environment (build 21.0.1+12-LTS-29)
Java HotSpot(TM) 64-Bit Server VM (build 21.0.1+12-LTS-29, mixed mode, sharing)

2024-10-22 09:54:26 info: Java installed on machine.
2024-10-22 09:54:27 info: Embold extension version response:{"hasSupport":false,"version":"0.1.6","changeNotes":"<div> <p>Release Date: 09 Oct, 2023 <br><span>Bug fixes and improvements.</span></p> </div>"}
2024-10-22 09:54:27 info: Current installed embold extension version : 0.1.8
2024-10-22 09:54:27 info: Latest embold extension version on marketplace : 0.1.6
2024-10-22 10:04:56 info: Row(s) deleted
2024-10-22 10:05:14 info: Row(s) deleted
2024-10-22 10:23:14 info: Row(s) deleted
2024-10-22 10:23:19 info: Row(s) deleted
2024-10-22 10:23:22 info: Row(s) deleted
2024-10-22 10:24:21 info: Row(s) deleted
2024-10-22 10:24:45 info: Row(s) deleted
2024-10-22 10:30:53 info: Row(s) deleted
2024-10-22 10:30:57 info: Row(s) deleted
2024-10-22 10:31:15 info: Row(s) deleted
2024-10-22 10:31:45 info: Row(s) deleted
2024-10-22 10:35:06 info: Row(s) deleted
2024-10-22 10:36:09 info: Row(s) deleted
2024-10-22 10:39:21 info: Row(s) deleted
2024-10-22 10:39:24 info: Row(s) deleted
2024-10-22 10:40:17 info: Row(s) deleted
2024-10-22 10:41:50 info: Row(s) deleted
2024-10-22 10:41:54 info: Row(s) deleted
2024-10-22 10:52:36 info: Row(s) deleted
